2025/06/04 12:49:24 [notice] 1#1: using the "epoll" event method
2025/06/04 12:49:24 [notice] 1#1: nginx/1.27.5
2025/06/04 12:49:24 [notice] 1#1: built by gcc 14.2.0 (Alpine 14.2.0) 
2025/06/04 12:49:24 [notice] 1#1: OS: Linux 6.8.0-60-generic
2025/06/04 12:49:24 [notice] 1#1: getrlimit(RLIMIT_NOFILE): 1048576:1048576
2025/06/04 12:49:24 [notice] 1#1: start worker processes
2025/06/04 12:49:24 [notice] 1#1: start worker process 29
2025/06/04 12:49:24 [notice] 1#1: start worker process 30
2025/06/04 12:49:24 [notice] 1#1: start worker process 31
2025/06/04 12:49:24 [notice] 1#1: start worker process 32
2025/06/04 12:49:24 [notice] 1#1: start worker process 33
2025/06/04 12:49:24 [notice] 1#1: start worker process 34
2025/06/04 12:49:24 [notice] 1#1: start worker process 35
2025/06/04 12:49:24 [notice] 1#1: start worker process 36
2025/06/04 12:53:44 [notice] 1#1: signal 3 (SIGQUIT) received, shutting down
2025/06/04 12:53:44 [notice] 30#30: gracefully shutting down
2025/06/04 12:53:44 [notice] 31#31: gracefully shutting down
2025/06/04 12:53:44 [notice] 36#36: gracefully shutting down
2025/06/04 12:53:44 [notice] 30#30: exiting
2025/06/04 12:53:44 [notice] 36#36: exiting
2025/06/04 12:53:44 [notice] 29#29: gracefully shutting down
2025/06/04 12:53:44 [notice] 29#29: exiting
2025/06/04 12:53:44 [notice] 36#36: exit
2025/06/04 12:53:44 [notice] 30#30: exit
2025/06/04 12:53:44 [notice] 33#33: gracefully shutting down
2025/06/04 12:53:44 [notice] 29#29: exit
2025/06/04 12:53:44 [notice] 31#31: exiting
2025/06/04 12:53:44 [notice] 33#33: exiting
2025/06/04 12:53:44 [notice] 32#32: gracefully shutting down
2025/06/04 12:53:44 [notice] 32#32: exiting
2025/06/04 12:53:44 [notice] 34#34: gracefully shutting down
2025/06/04 12:53:44 [notice] 33#33: exit
2025/06/04 12:53:44 [notice] 34#34: exiting
2025/06/04 12:53:44 [notice] 35#35: gracefully shutting down
2025/06/04 12:53:44 [notice] 35#35: exiting
2025/06/04 12:53:44 [notice] 31#31: exit
2025/06/04 12:53:44 [notice] 34#34: exit
2025/06/04 12:53:44 [notice] 32#32: exit
2025/06/04 12:53:44 [notice] 35#35: exit
2025/06/04 12:53:44 [notice] 1#1: signal 17 (SIGCHLD) received from 29
2025/06/04 12:53:44 [notice] 1#1: worker process 29 exited with code 0
2025/06/04 12:53:44 [notice] 1#1: worker process 33 exited with code 0
2025/06/04 12:53:44 [notice] 1#1: signal 29 (SIGIO) received
2025/06/04 12:53:44 [notice] 1#1: signal 17 (SIGCHLD) received from 33
2025/06/04 12:53:44 [notice] 1#1: signal 17 (SIGCHLD) received from 35
2025/06/04 12:53:44 [notice] 1#1: worker process 35 exited with code 0
2025/06/04 12:53:44 [notice] 1#1: signal 29 (SIGIO) received
2025/06/04 12:53:44 [notice] 1#1: signal 17 (SIGCHLD) received from 31
2025/06/04 12:53:44 [notice] 1#1: worker process 31 exited with code 0
2025/06/04 12:53:44 [notice] 1#1: signal 29 (SIGIO) received
2025/06/04 12:53:44 [notice] 1#1: signal 17 (SIGCHLD) received from 36
2025/06/04 12:53:44 [notice] 1#1: worker process 30 exited with code 0
2025/06/04 12:53:44 [notice] 1#1: worker process 32 exited with code 0
2025/06/04 12:53:44 [notice] 1#1: worker process 36 exited with code 0
2025/06/04 12:53:44 [notice] 1#1: signal 29 (SIGIO) received
2025/06/04 12:53:44 [notice] 1#1: signal 17 (SIGCHLD) received from 34
2025/06/04 12:53:44 [notice] 1#1: worker process 34 exited with code 0
2025/06/04 12:53:44 [notice] 1#1: exit
2025/06/04 12:53:50 [notice] 1#1: using the "epoll" event method
2025/06/04 12:53:50 [notice] 1#1: nginx/1.27.5
2025/06/04 12:53:50 [notice] 1#1: built by gcc 14.2.0 (Alpine 14.2.0) 
2025/06/04 12:53:50 [notice] 1#1: OS: Linux 6.8.0-60-generic
2025/06/04 12:53:50 [notice] 1#1: getrlimit(RLIMIT_NOFILE): 1048576:1048576
2025/06/04 12:53:50 [notice] 1#1: start worker processes
2025/06/04 12:53:50 [notice] 1#1: start worker process 29
2025/06/04 12:53:50 [notice] 1#1: start worker process 30
2025/06/04 12:53:50 [notice] 1#1: start worker process 31
2025/06/04 12:53:50 [notice] 1#1: start worker process 32
2025/06/04 12:53:50 [notice] 1#1: start worker process 33
2025/06/04 12:53:50 [notice] 1#1: start worker process 34
2025/06/04 12:53:50 [notice] 1#1: start worker process 35
2025/06/04 12:53:50 [notice] 1#1: start worker process 36
2025/06/04 14:02:48 [notice] 1#1: signal 3 (SIGQUIT) received, shutting down
2025/06/04 14:02:48 [notice] 36#36: gracefully shutting down
2025/06/04 14:02:48 [notice] 36#36: exiting
2025/06/04 14:02:48 [notice] 33#33: gracefully shutting down
2025/06/04 14:02:48 [notice] 36#36: exit
2025/06/04 14:02:48 [notice] 33#33: exiting
2025/06/04 14:02:48 [notice] 33#33: exit
2025/06/04 14:02:48 [notice] 29#29: gracefully shutting down
2025/06/04 14:02:48 [notice] 29#29: exiting
2025/06/04 14:02:48 [notice] 30#30: gracefully shutting down
2025/06/04 14:02:48 [notice] 30#30: exiting
2025/06/04 14:02:48 [notice] 30#30: exit
2025/06/04 14:02:48 [notice] 31#31: gracefully shutting down
2025/06/04 14:02:48 [notice] 31#31: exiting
2025/06/04 14:02:48 [notice] 31#31: exit
2025/06/04 14:02:48 [notice] 32#32: gracefully shutting down
2025/06/04 14:02:48 [notice] 32#32: exiting
2025/06/04 14:02:48 [notice] 34#34: gracefully shutting down
2025/06/04 14:02:48 [notice] 34#34: exiting
2025/06/04 14:02:48 [notice] 34#34: exit
2025/06/04 14:02:48 [notice] 35#35: gracefully shutting down
2025/06/04 14:02:48 [notice] 35#35: exiting
2025/06/04 14:02:48 [notice] 35#35: exit
2025/06/04 14:02:48 [notice] 32#32: exit
2025/06/04 14:02:48 [notice] 29#29: exit
2025/06/04 14:02:48 [notice] 1#1: signal 17 (SIGCHLD) received from 36
2025/06/04 14:02:48 [notice] 1#1: worker process 36 exited with code 0
2025/06/04 14:02:48 [notice] 1#1: signal 29 (SIGIO) received
2025/06/04 14:02:48 [notice] 1#1: signal 17 (SIGCHLD) received from 33
2025/06/04 14:02:48 [notice] 1#1: worker process 33 exited with code 0
2025/06/04 14:02:48 [notice] 1#1: worker process 35 exited with code 0
2025/06/04 14:02:48 [notice] 1#1: signal 29 (SIGIO) received
2025/06/04 14:02:48 [notice] 1#1: signal 17 (SIGCHLD) received from 30
2025/06/04 14:02:48 [notice] 1#1: worker process 30 exited with code 0
2025/06/04 14:02:48 [notice] 1#1: signal 29 (SIGIO) received
2025/06/04 14:02:48 [notice] 1#1: signal 17 (SIGCHLD) received from 34
2025/06/04 14:02:48 [notice] 1#1: worker process 34 exited with code 0
2025/06/04 14:02:48 [notice] 1#1: signal 29 (SIGIO) received
2025/06/04 14:02:48 [notice] 1#1: signal 17 (SIGCHLD) received from 31
2025/06/04 14:02:48 [notice] 1#1: worker process 31 exited with code 0
2025/06/04 14:02:48 [notice] 1#1: signal 29 (SIGIO) received
2025/06/04 14:02:48 [notice] 1#1: signal 17 (SIGCHLD) received from 29
2025/06/04 14:02:48 [notice] 1#1: worker process 29 exited with code 0
2025/06/04 14:02:48 [notice] 1#1: signal 29 (SIGIO) received
2025/06/04 14:02:48 [notice] 1#1: signal 17 (SIGCHLD) received from 32
2025/06/04 14:02:48 [notice] 1#1: worker process 32 exited with code 0
2025/06/04 14:02:48 [notice] 1#1: exit
2025/06/04 14:02:58 [notice] 1#1: using the "epoll" event method
2025/06/04 14:02:58 [notice] 1#1: nginx/1.27.5
2025/06/04 14:02:58 [notice] 1#1: built by gcc 14.2.0 (Alpine 14.2.0) 
2025/06/04 14:02:58 [notice] 1#1: OS: Linux 6.8.0-60-generic
2025/06/04 14:02:58 [notice] 1#1: getrlimit(RLIMIT_NOFILE): 1048576:1048576
2025/06/04 14:02:58 [notice] 1#1: start worker processes
2025/06/04 14:02:58 [notice] 1#1: start worker process 29
2025/06/04 14:02:58 [notice] 1#1: start worker process 30
2025/06/04 14:02:58 [notice] 1#1: start worker process 31
2025/06/04 14:02:58 [notice] 1#1: start worker process 32
2025/06/04 14:02:58 [notice] 1#1: start worker process 33
2025/06/04 14:02:58 [notice] 1#1: start worker process 34
2025/06/04 14:02:58 [notice] 1#1: start worker process 35
2025/06/04 14:02:58 [notice] 1#1: start worker process 36
2025/06/04 14:05:01 [notice] 1#1: signal 3 (SIGQUIT) received, shutting down
2025/06/04 14:05:01 [notice] 33#33: gracefully shutting down
2025/06/04 14:05:01 [notice] 31#31: gracefully shutting down
2025/06/04 14:05:01 [notice] 34#34: gracefully shutting down
2025/06/04 14:05:01 [notice] 30#30: gracefully shutting down
2025/06/04 14:05:01 [notice] 33#33: exiting
2025/06/04 14:05:01 [notice] 31#31: exiting
2025/06/04 14:05:01 [notice] 34#34: exiting
2025/06/04 14:05:01 [notice] 30#30: exiting
2025/06/04 14:05:01 [notice] 29#29: gracefully shutting down
2025/06/04 14:05:01 [notice] 31#31: exit
2025/06/04 14:05:01 [notice] 30#30: exit
2025/06/04 14:05:01 [notice] 34#34: exit
2025/06/04 14:05:01 [notice] 29#29: exiting
2025/06/04 14:05:01 [notice] 33#33: exit
2025/06/04 14:05:01 [notice] 29#29: exit
2025/06/04 14:05:01 [notice] 36#36: gracefully shutting down
2025/06/04 14:05:01 [notice] 36#36: exiting
2025/06/04 14:05:01 [notice] 36#36: exit
2025/06/04 14:05:01 [notice] 35#35: gracefully shutting down
2025/06/04 14:05:01 [notice] 35#35: exiting
2025/06/04 14:05:01 [notice] 32#32: gracefully shutting down
2025/06/04 14:05:01 [notice] 32#32: exiting
2025/06/04 14:05:01 [notice] 35#35: exit
2025/06/04 14:05:01 [notice] 32#32: exit
2025/06/04 14:05:01 [notice] 1#1: signal 17 (SIGCHLD) received from 36
2025/06/04 14:05:01 [notice] 1#1: worker process 36 exited with code 0
2025/06/04 14:05:01 [notice] 1#1: signal 29 (SIGIO) received
2025/06/04 14:05:01 [notice] 1#1: signal 17 (SIGCHLD) received from 30
2025/06/04 14:05:01 [notice] 1#1: worker process 30 exited with code 0
2025/06/04 14:05:01 [notice] 1#1: worker process 31 exited with code 0
2025/06/04 14:05:01 [notice] 1#1: signal 29 (SIGIO) received
2025/06/04 14:05:01 [notice] 1#1: signal 17 (SIGCHLD) received from 33
2025/06/04 14:05:01 [notice] 1#1: worker process 33 exited with code 0
2025/06/04 14:05:01 [notice] 1#1: signal 29 (SIGIO) received
2025/06/04 14:05:01 [notice] 1#1: signal 17 (SIGCHLD) received from 34
2025/06/04 14:05:01 [notice] 1#1: worker process 34 exited with code 0
2025/06/04 14:05:01 [notice] 1#1: signal 29 (SIGIO) received
2025/06/04 14:05:01 [notice] 1#1: signal 17 (SIGCHLD) received from 29
2025/06/04 14:05:01 [notice] 1#1: worker process 29 exited with code 0
2025/06/04 14:05:01 [notice] 1#1: worker process 32 exited with code 0
2025/06/04 14:05:01 [notice] 1#1: worker process 35 exited with code 0
2025/06/04 14:05:01 [notice] 1#1: exit
2025/06/04 14:05:13 [notice] 1#1: using the "epoll" event method
2025/06/04 14:05:13 [notice] 1#1: nginx/1.27.5
2025/06/04 14:05:13 [notice] 1#1: built by gcc 14.2.0 (Alpine 14.2.0) 
2025/06/04 14:05:13 [notice] 1#1: OS: Linux 6.8.0-60-generic
2025/06/04 14:05:13 [notice] 1#1: getrlimit(RLIMIT_NOFILE): 1048576:1048576
2025/06/04 14:05:13 [notice] 1#1: start worker processes
2025/06/04 14:05:13 [notice] 1#1: start worker process 29
2025/06/04 14:05:13 [notice] 1#1: start worker process 30
2025/06/04 14:05:13 [notice] 1#1: start worker process 31
2025/06/04 14:05:13 [notice] 1#1: start worker process 32
2025/06/04 14:05:13 [notice] 1#1: start worker process 33
2025/06/04 14:05:13 [notice] 1#1: start worker process 34
2025/06/04 14:05:13 [notice] 1#1: start worker process 35
2025/06/04 14:05:13 [notice] 1#1: start worker process 36
2025/06/04 14:07:11 [notice] 1#1: signal 3 (SIGQUIT) received, shutting down
2025/06/04 14:07:11 [notice] 32#32: gracefully shutting down
2025/06/04 14:07:11 [notice] 35#35: gracefully shutting down
2025/06/04 14:07:11 [notice] 36#36: gracefully shutting down
2025/06/04 14:07:11 [notice] 29#29: gracefully shutting down
2025/06/04 14:07:11 [notice] 32#32: exiting
2025/06/04 14:07:11 [notice] 35#35: exiting
2025/06/04 14:07:11 [notice] 36#36: exiting
2025/06/04 14:07:11 [notice] 29#29: exiting
2025/06/04 14:07:11 [notice] 36#36: exit
2025/06/04 14:07:11 [notice] 29#29: exit
2025/06/04 14:07:11 [notice] 35#35: exit
2025/06/04 14:07:11 [notice] 32#32: exit
2025/06/04 14:07:11 [notice] 30#30: gracefully shutting down
2025/06/04 14:07:11 [notice] 30#30: exiting
2025/06/04 14:07:11 [notice] 31#31: gracefully shutting down
2025/06/04 14:07:11 [notice] 30#30: exit
2025/06/04 14:07:11 [notice] 31#31: exiting
2025/06/04 14:07:11 [notice] 31#31: exit
2025/06/04 14:07:11 [notice] 33#33: gracefully shutting down
2025/06/04 14:07:11 [notice] 33#33: exiting
2025/06/04 14:07:11 [notice] 33#33: exit
2025/06/04 14:07:11 [notice] 34#34: gracefully shutting down
2025/06/04 14:07:11 [notice] 34#34: exiting
2025/06/04 14:07:11 [notice] 34#34: exit
2025/06/04 14:07:11 [notice] 1#1: signal 17 (SIGCHLD) received from 36
2025/06/04 14:07:11 [notice] 1#1: worker process 36 exited with code 0
2025/06/04 14:07:11 [notice] 1#1: signal 29 (SIGIO) received
2025/06/04 14:07:11 [notice] 1#1: signal 17 (SIGCHLD) received from 29
2025/06/04 14:07:11 [notice] 1#1: worker process 29 exited with code 0
2025/06/04 14:07:11 [notice] 1#1: worker process 31 exited with code 0
2025/06/04 14:07:11 [notice] 1#1: worker process 34 exited with code 0
2025/06/04 14:07:11 [notice] 1#1: worker process 35 exited with code 0
2025/06/04 14:07:11 [notice] 1#1: signal 29 (SIGIO) received
2025/06/04 14:07:11 [notice] 1#1: signal 17 (SIGCHLD) received from 35
2025/06/04 14:07:11 [notice] 1#1: signal 17 (SIGCHLD) received from 32
2025/06/04 14:07:11 [notice] 1#1: worker process 32 exited with code 0
2025/06/04 14:07:11 [notice] 1#1: signal 29 (SIGIO) received
2025/06/04 14:07:11 [notice] 1#1: signal 17 (SIGCHLD) received from 30
2025/06/04 14:07:11 [notice] 1#1: worker process 30 exited with code 0
2025/06/04 14:07:11 [notice] 1#1: signal 29 (SIGIO) received
2025/06/04 14:07:11 [notice] 1#1: signal 17 (SIGCHLD) received from 33
2025/06/04 14:07:11 [notice] 1#1: worker process 33 exited with code 0
2025/06/04 14:07:11 [notice] 1#1: exit
2025/06/04 14:07:19 [notice] 1#1: using the "epoll" event method
2025/06/04 14:07:19 [notice] 1#1: nginx/1.27.5
2025/06/04 14:07:19 [notice] 1#1: built by gcc 14.2.0 (Alpine 14.2.0) 
2025/06/04 14:07:19 [notice] 1#1: OS: Linux 6.8.0-60-generic
2025/06/04 14:07:19 [notice] 1#1: getrlimit(RLIMIT_NOFILE): 1048576:1048576
2025/06/04 14:07:19 [notice] 1#1: start worker processes
2025/06/04 14:07:19 [notice] 1#1: start worker process 29
2025/06/04 14:07:19 [notice] 1#1: start worker process 30
2025/06/04 14:07:19 [notice] 1#1: start worker process 31
2025/06/04 14:07:19 [notice] 1#1: start worker process 32
2025/06/04 14:07:19 [notice] 1#1: start worker process 33
2025/06/04 14:07:19 [notice] 1#1: start worker process 34
2025/06/04 14:07:19 [notice] 1#1: start worker process 35
2025/06/04 14:07:19 [notice] 1#1: start worker process 36
2025/06/04 14:08:19 [notice] 1#1: signal 3 (SIGQUIT) received, shutting down
2025/06/04 14:08:19 [notice] 31#31: gracefully shutting down
2025/06/04 14:08:19 [notice] 30#30: gracefully shutting down
2025/06/04 14:08:19 [notice] 29#29: gracefully shutting down
2025/06/04 14:08:19 [notice] 34#34: gracefully shutting down
2025/06/04 14:08:19 [notice] 33#33: gracefully shutting down
2025/06/04 14:08:19 [notice] 31#31: exiting
2025/06/04 14:08:19 [notice] 30#30: exiting
2025/06/04 14:08:19 [notice] 34#34: exiting
2025/06/04 14:08:19 [notice] 33#33: exiting
2025/06/04 14:08:19 [notice] 29#29: exiting
2025/06/04 14:08:19 [notice] 34#34: exit
2025/06/04 14:08:19 [notice] 33#33: exit
2025/06/04 14:08:19 [notice] 30#30: exit
2025/06/04 14:08:19 [notice] 31#31: exit
2025/06/04 14:08:19 [notice] 29#29: exit
2025/06/04 14:08:19 [notice] 32#32: gracefully shutting down
2025/06/04 14:08:19 [notice] 35#35: gracefully shutting down
2025/06/04 14:08:19 [notice] 32#32: exiting
2025/06/04 14:08:19 [notice] 36#36: gracefully shutting down
2025/06/04 14:08:19 [notice] 35#35: exiting
2025/06/04 14:08:19 [notice] 36#36: exiting
2025/06/04 14:08:19 [notice] 32#32: exit
2025/06/04 14:08:19 [notice] 36#36: exit
2025/06/04 14:08:19 [notice] 35#35: exit
2025/06/04 14:08:19 [notice] 1#1: signal 17 (SIGCHLD) received from 33
2025/06/04 14:08:19 [notice] 1#1: worker process 33 exited with code 0
2025/06/04 14:08:19 [notice] 1#1: signal 29 (SIGIO) received
2025/06/04 14:08:19 [notice] 1#1: signal 17 (SIGCHLD) received from 31
2025/06/04 14:08:19 [notice] 1#1: worker process 29 exited with code 0
2025/06/04 14:08:19 [notice] 1#1: worker process 31 exited with code 0
2025/06/04 14:08:19 [notice] 1#1: worker process 36 exited with code 0
2025/06/04 14:08:19 [notice] 1#1: signal 29 (SIGIO) received
2025/06/04 14:08:19 [notice] 1#1: signal 17 (SIGCHLD) received from 29
2025/06/04 14:08:19 [notice] 1#1: signal 17 (SIGCHLD) received from 35
2025/06/04 14:08:19 [notice] 1#1: worker process 35 exited with code 0
2025/06/04 14:08:19 [notice] 1#1: signal 29 (SIGIO) received
2025/06/04 14:08:19 [notice] 1#1: signal 17 (SIGCHLD) received from 34
2025/06/04 14:08:19 [notice] 1#1: worker process 34 exited with code 0
2025/06/04 14:08:19 [notice] 1#1: signal 29 (SIGIO) received
2025/06/04 14:08:19 [notice] 1#1: signal 17 (SIGCHLD) received from 32
2025/06/04 14:08:19 [notice] 1#1: worker process 32 exited with code 0
2025/06/04 14:08:19 [notice] 1#1: signal 17 (SIGCHLD) received from 30
2025/06/04 14:08:19 [notice] 1#1: worker process 30 exited with code 0
2025/06/04 14:08:19 [notice] 1#1: exit
2025/06/04 14:10:50 [notice] 1#1: using the "epoll" event method
2025/06/04 14:10:50 [notice] 1#1: nginx/1.27.5
2025/06/04 14:10:50 [notice] 1#1: built by gcc 14.2.0 (Alpine 14.2.0) 
2025/06/04 14:10:50 [notice] 1#1: OS: Linux 6.8.0-60-generic
2025/06/04 14:10:50 [notice] 1#1: getrlimit(RLIMIT_NOFILE): 1048576:1048576
2025/06/04 14:10:50 [notice] 1#1: start worker processes
2025/06/04 14:10:50 [notice] 1#1: start worker process 29
2025/06/04 14:10:50 [notice] 1#1: start worker process 30
2025/06/04 14:10:50 [notice] 1#1: start worker process 31
2025/06/04 14:10:50 [notice] 1#1: start worker process 32
2025/06/04 14:10:50 [notice] 1#1: start worker process 33
2025/06/04 14:10:50 [notice] 1#1: start worker process 34
2025/06/04 14:10:50 [notice] 1#1: start worker process 35
2025/06/04 14:10:50 [notice] 1#1: start worker process 36
2025/06/04 14:11:22 [notice] 1#1: signal 3 (SIGQUIT) received, shutting down
2025/06/04 14:11:22 [notice] 29#29: gracefully shutting down
2025/06/04 14:11:22 [notice] 32#32: gracefully shutting down
2025/06/04 14:11:22 [notice] 30#30: gracefully shutting down
2025/06/04 14:11:22 [notice] 32#32: exiting
2025/06/04 14:11:22 [notice] 30#30: exiting
2025/06/04 14:11:22 [notice] 29#29: exiting
2025/06/04 14:11:22 [notice] 30#30: exit
2025/06/04 14:11:22 [notice] 32#32: exit
2025/06/04 14:11:22 [notice] 29#29: exit
2025/06/04 14:11:22 [notice] 31#31: gracefully shutting down
2025/06/04 14:11:22 [notice] 31#31: exiting
2025/06/04 14:11:22 [notice] 33#33: gracefully shutting down
2025/06/04 14:11:22 [notice] 33#33: exiting
2025/06/04 14:11:22 [notice] 31#31: exit
2025/06/04 14:11:22 [notice] 34#34: gracefully shutting down
2025/06/04 14:11:22 [notice] 34#34: exiting
2025/06/04 14:11:22 [notice] 33#33: exit
2025/06/04 14:11:22 [notice] 34#34: exit
2025/06/04 14:11:22 [notice] 35#35: gracefully shutting down
2025/06/04 14:11:22 [notice] 35#35: exiting
2025/06/04 14:11:22 [notice] 36#36: gracefully shutting down
2025/06/04 14:11:22 [notice] 35#35: exit
2025/06/04 14:11:22 [notice] 36#36: exiting
2025/06/04 14:11:22 [notice] 36#36: exit
2025/06/04 14:11:22 [notice] 1#1: signal 17 (SIGCHLD) received from 36
2025/06/04 14:11:22 [notice] 1#1: worker process 29 exited with code 0
2025/06/04 14:11:22 [notice] 1#1: worker process 31 exited with code 0
2025/06/04 14:11:22 [notice] 1#1: worker process 32 exited with code 0
2025/06/04 14:11:22 [notice] 1#1: worker process 35 exited with code 0
2025/06/04 14:11:22 [notice] 1#1: worker process 36 exited with code 0
2025/06/04 14:11:22 [notice] 1#1: signal 29 (SIGIO) received
2025/06/04 14:11:22 [notice] 1#1: signal 17 (SIGCHLD) received from 34
2025/06/04 14:11:22 [notice] 1#1: worker process 34 exited with code 0
2025/06/04 14:11:22 [notice] 1#1: signal 29 (SIGIO) received
2025/06/04 14:11:22 [notice] 1#1: signal 17 (SIGCHLD) received from 33
2025/06/04 14:11:22 [notice] 1#1: worker process 30 exited with code 0
2025/06/04 14:11:22 [notice] 1#1: worker process 33 exited with code 0
2025/06/04 14:11:22 [notice] 1#1: exit
2025/06/04 14:11:32 [notice] 1#1: using the "epoll" event method
2025/06/04 14:11:32 [notice] 1#1: nginx/1.27.5
2025/06/04 14:11:32 [notice] 1#1: built by gcc 14.2.0 (Alpine 14.2.0) 
2025/06/04 14:11:32 [notice] 1#1: OS: Linux 6.8.0-60-generic
2025/06/04 14:11:32 [notice] 1#1: getrlimit(RLIMIT_NOFILE): 1048576:1048576
2025/06/04 14:11:32 [notice] 1#1: start worker processes
2025/06/04 14:11:32 [notice] 1#1: start worker process 29
2025/06/04 14:11:32 [notice] 1#1: start worker process 30
2025/06/04 14:11:32 [notice] 1#1: start worker process 31
2025/06/04 14:11:32 [notice] 1#1: start worker process 32
2025/06/04 14:11:32 [notice] 1#1: start worker process 33
2025/06/04 14:11:32 [notice] 1#1: start worker process 34
2025/06/04 14:11:32 [notice] 1#1: start worker process 35
2025/06/04 14:11:32 [notice] 1#1: start worker process 36
2025/06/04 14:20:42 [notice] 1#1: signal 3 (SIGQUIT) received, shutting down
2025/06/04 14:20:42 [notice] 29#29: gracefully shutting down
2025/06/04 14:20:42 [notice] 29#29: exiting
2025/06/04 14:20:42 [notice] 29#29: exit
2025/06/04 14:20:42 [notice] 31#31: gracefully shutting down
2025/06/04 14:20:42 [notice] 31#31: exiting
2025/06/04 14:20:42 [notice] 31#31: exit
2025/06/04 14:20:42 [notice] 30#30: gracefully shutting down
2025/06/04 14:20:42 [notice] 30#30: exiting
2025/06/04 14:20:42 [notice] 30#30: exit
2025/06/04 14:20:42 [notice] 33#33: gracefully shutting down
2025/06/04 14:20:42 [notice] 33#33: exiting
2025/06/04 14:20:42 [notice] 33#33: exit
2025/06/04 14:20:42 [notice] 34#34: gracefully shutting down
2025/06/04 14:20:42 [notice] 34#34: exiting
2025/06/04 14:20:42 [notice] 34#34: exit
2025/06/04 14:20:42 [notice] 32#32: gracefully shutting down
2025/06/04 14:20:42 [notice] 32#32: exiting
2025/06/04 14:20:42 [notice] 32#32: exit
2025/06/04 14:20:42 [notice] 35#35: gracefully shutting down
2025/06/04 14:20:42 [notice] 35#35: exiting
2025/06/04 14:20:42 [notice] 35#35: exit
2025/06/04 14:20:42 [notice] 36#36: gracefully shutting down
2025/06/04 14:20:42 [notice] 36#36: exiting
2025/06/04 14:20:42 [notice] 36#36: exit
2025/06/04 14:20:42 [notice] 1#1: signal 17 (SIGCHLD) received from 29
2025/06/04 14:20:42 [notice] 1#1: worker process 29 exited with code 0
2025/06/04 14:20:42 [notice] 1#1: signal 29 (SIGIO) received
2025/06/04 14:20:42 [notice] 1#1: signal 17 (SIGCHLD) received from 31
2025/06/04 14:20:42 [notice] 1#1: worker process 31 exited with code 0
2025/06/04 14:20:42 [notice] 1#1: signal 29 (SIGIO) received
2025/06/04 14:20:42 [notice] 1#1: signal 17 (SIGCHLD) received from 32
2025/06/04 14:20:42 [notice] 1#1: worker process 30 exited with code 0
2025/06/04 14:20:42 [notice] 1#1: worker process 32 exited with code 0
2025/06/04 14:20:42 [notice] 1#1: worker process 34 exited with code 0
2025/06/04 14:20:42 [notice] 1#1: signal 29 (SIGIO) received
2025/06/04 14:20:42 [notice] 1#1: signal 17 (SIGCHLD) received from 35
2025/06/04 14:20:42 [notice] 1#1: worker process 35 exited with code 0
2025/06/04 14:20:42 [notice] 1#1: signal 29 (SIGIO) received
2025/06/04 14:20:42 [notice] 1#1: signal 17 (SIGCHLD) received from 33
2025/06/04 14:20:42 [notice] 1#1: worker process 33 exited with code 0
2025/06/04 14:20:42 [notice] 1#1: signal 29 (SIGIO) received
2025/06/04 14:20:42 [notice] 1#1: signal 17 (SIGCHLD) received from 36
2025/06/04 14:20:42 [notice] 1#1: worker process 36 exited with code 0
2025/06/04 14:20:42 [notice] 1#1: exit
2025/06/06 05:55:02 [notice] 1#1: using the "epoll" event method
2025/06/06 05:55:02 [notice] 1#1: nginx/1.27.5
2025/06/06 05:55:02 [notice] 1#1: built by gcc 14.2.0 (Alpine 14.2.0) 
2025/06/06 05:55:02 [notice] 1#1: OS: Linux 6.8.0-60-generic
2025/06/06 05:55:02 [notice] 1#1: getrlimit(RLIMIT_NOFILE): 1048576:1048576
2025/06/06 05:55:02 [notice] 1#1: start worker processes
2025/06/06 05:55:02 [notice] 1#1: start worker process 29
2025/06/06 05:55:02 [notice] 1#1: start worker process 30
2025/06/06 05:55:02 [notice] 1#1: start worker process 31
2025/06/06 05:55:02 [notice] 1#1: start worker process 32
2025/06/06 05:55:02 [notice] 1#1: start worker process 33
2025/06/06 05:55:02 [notice] 1#1: start worker process 34
2025/06/06 05:55:02 [notice] 1#1: start worker process 35
2025/06/06 05:55:02 [notice] 1#1: start worker process 36
